{"total": {"lines":{"total":181,"covered":179,"skipped":0,"pct":98.89},"statements":{"total":188,"covered":184,"skipped":0,"pct":97.87},"functions":{"total":26,"covered":25,"skipped":0,"pct":96.15},"branches":{"total":94,"covered":92,"skipped":0,"pct":97.87},"branchesTrue":{"total":0,"covered":0,"skipped":0,"pct":100}}
,"C:\\Users\\dell\\Desktop\\ict_304\\src\\app.js": {"lines":{"total":23,"covered":21,"skipped":0,"pct":91.3},"functions":{"total":4,"covered":3,"skipped":0,"pct":75},"statements":{"total":23,"covered":21,"skipped":0,"pct":91.3},"branches":{"total":0,"covered":0,"skipped":0,"pct":100}}
,"C:\\Users\\dell\\Desktop\\ict_304\\src\\controllers\\accountsController.js": {"lines":{"total":41,"covered":41,"skipped":0,"pct":100},"functions":{"total":6,"covered":6,"skipped":0,"pct":100},"statements":{"total":45,"covered":43,"skipped":0,"pct":95.55},"branches":{"total":30,"covered":28,"skipped":0,"pct":93.33}}
,"C:\\Users\\dell\\Desktop\\ict_304\\src\\controllers\\transactionsController.js": {"lines":{"total":70,"covered":70,"skipped":0,"pct":100},"functions":{"total":6,"covered":6,"skipped":0,"pct":100},"statements":{"total":70,"covered":70,"skipped":0,"pct":100},"branches":{"total":36,"covered":36,"skipped":0,"pct":100}}
,"C:\\Users\\dell\\Desktop\\ict_304\\src\\middlewares\\validation.js": {"lines":{"total":20,"covered":20,"skipped":0,"pct":100},"functions":{"total":2,"covered":2,"skipped":0,"pct":100},"statements":{"total":20,"covered":20,"skipped":0,"pct":100},"branches":{"total":23,"covered":23,"skipped":0,"pct":100}}
,"C:\\Users\\dell\\Desktop\\ict_304\\src\\models\\db.js": {"lines":{"total":2,"covered":2,"skipped":0,"pct":100},"functions":{"total":0,"covered":0,"skipped":0,"pct":100},"statements":{"total":2,"covered":2,"skipped":0,"pct":100},"branches":{"total":0,"covered":0,"skipped":0,"pct":100}}
,"C:\\Users\\dell\\Desktop\\ict_304\\src\\routes\\accounts.routes.js": {"lines":{"total":13,"covered":13,"skipped":0,"pct":100},"functions":{"total":0,"covered":0,"skipped":0,"pct":100},"statements":{"total":13,"covered":13,"skipped":0,"pct":100},"branches":{"total":0,"covered":0,"skipped":0,"pct":100}}
,"C:\\Users\\dell\\Desktop\\ict_304\\src\\utils\\helpers.js": {"lines":{"total":12,"covered":12,"skipped":0,"pct":100},"functions":{"total":8,"covered":8,"skipped":0,"pct":100},"statements":{"total":15,"covered":15,"skipped":0,"pct":100},"branches":{"total":5,"covered":5,"skipped":0,"pct":100}}
}
